<?xml version="1.0" encoding="UTF-8"?>
<!-- Generated by org.testng.reporters.JUnitReportReporter -->
<testsuite skipped="0" hostname="DESKTOP-D15HVD9" name="com.rest.restassuredapi.Update_using_Put" tests="2" failures="0" timestamp="26 Apr 2020 03:51:08 GMT" time="7.310" errors="0">
  <testcase name="test1" time="6.748" classname="com.rest.restassuredapi.Update_using_Put"/>
  <testcase name="update_Using_Patch" time="0.562" classname="com.rest.restassuredapi.Update_using_Put"/>
</testsuite> <!-- com.rest.restassuredapi.Update_using_Put -->
