<?xml version="1.0" encoding="UTF-8"?>
<!-- Generated by org.testng.reporters.JUnitReportReporter -->
<testsuite skipped="0" hostname="DESKTOP-D15HVD9" name="com.rest.restassuredapi.Test_case1" tests="1" failures="0" timestamp="24 Apr 2020 14:41:42 GMT" time="13.231" errors="0">
  <testcase name="test" time="13.231" classname="com.rest.restassuredapi.Test_case1"/>
</testsuite> <!-- com.rest.restassuredapi.Test_case1 -->
