<?xml version="1.0" encoding="UTF-8"?>
<!-- Generated by org.testng.reporters.JUnitReportReporter -->
<testsuite skipped="0" hostname="DESKTOP-D15HVD9" name="com.rest.restassuredapi.BasicAuthentication" tests="1" failures="0" timestamp="26 Apr 2020 05:21:59 GMT" time="4.509" errors="0">
  <testcase name="basicAuth" time="4.509" classname="com.rest.restassuredapi.BasicAuthentication"/>
</testsuite> <!-- com.rest.restassuredapi.BasicAuthentication -->
