<?xml version="1.0" encoding="UTF-8"?>
<!-- Generated by org.testng.reporters.JUnitReportReporter -->
<testsuite skipped="0" hostname="DESKTOP-D15HVD9" name="com.rest.restassuredapi.Authentication" tests="1" failures="0" timestamp="26 Apr 2020 05:40:18 GMT" time="9.986" errors="0">
  <testcase name="bearer_Token" time="9.986" classname="com.rest.restassuredapi.Authentication"/>
</testsuite> <!-- com.rest.restassuredapi.Authentication -->
