<?xml version="1.0" encoding="UTF-8"?>
<!-- Generated by org.testng.reporters.JUnitReportReporter -->
<testsuite skipped="0" hostname="DESKTOP-D15HVD9" name="com.rest.restassuredapi.GetListPerticularStudent" tests="1" failures="0" timestamp="24 Apr 2020 12:20:33 GMT" time="9.995" errors="0">
  <testcase name="Test_case1" time="9.995" classname="com.rest.restassuredapi.GetListPerticularStudent"/>
</testsuite> <!-- com.rest.restassuredapi.GetListPerticularStudent -->
